2021-01-20 12:03:19.581 - INFO - 19483 - azureml.train.automl._azureautomlclient.modify_run_configuration:199 - Package azureml-train-automl missing from dependencies file.
2021-01-20 12:03:19.583 - INFO - 19483 - azureml.train.automl._azureautomlclient.modify_run_configuration:205 - Using pinned version: azureml-train-automl==1.19.0.*
2021-01-20 12:03:19.584 - INFO - 19483 - azureml.train.automl._azureautomlclient.modify_run_configuration:199 - Package pandas missing from dependencies file.
2021-01-20 12:03:19.584 - INFO - 19483 - azureml.train.automl._azureautomlclient.modify_run_configuration:205 - Using pinned version: pandas==0.25.1
2021-01-20 12:03:19.585 - INFO - 19483 - azureml.train.automl._azureautomlclient.modify_run_configuration:199 - Package psutil missing from dependencies file.
2021-01-20 12:03:19.585 - INFO - 19483 - azureml.train.automl._azureautomlclient.modify_run_configuration:205 - Using pinned version: psutil>5.0.0,<6.0.0
2021-01-20 12:03:19.586 - INFO - 19483 - azureml.train.automl._azureautomlclient.modify_run_configuration:199 - Package scikit-learn missing from dependencies file.
2021-01-20 12:03:19.586 - INFO - 19483 - azureml.train.automl._azureautomlclient.modify_run_configuration:205 - Using pinned version: scikit-learn==0.22.1
2021-01-20 12:03:19.586 - INFO - 19483 - azureml.train.automl._azureautomlclient.modify_run_configuration:199 - Package numpy missing from dependencies file.
2021-01-20 12:03:19.587 - INFO - 19483 - azureml.train.automl._azureautomlclient.modify_run_configuration:205 - Using pinned version: numpy~=1.18.0
2021-01-20 12:03:19.595 - INFO - 19483 - azureml.train.automl._azureautomlclient.modify_run_configuration:199 - Package py-xgboost missing from dependencies file.
2021-01-20 12:03:19.595 - INFO - 19483 - azureml.train.automl._azureautomlclient.modify_run_configuration:205 - Using pinned version: py-xgboost<=0.90
2021-01-20 12:03:19.595 - INFO - 19483 - azureml.train.automl._azureautomlclient.modify_run_configuration:199 - Package inference-schema missing from dependencies file.
2021-01-20 12:03:19.596 - INFO - 19483 - azureml.train.automl._azureautomlclient.modify_run_configuration:199 - Package fbprophet missing from dependencies file.
2021-01-20 12:03:19.596 - INFO - 19483 - azureml.train.automl._azureautomlclient.modify_run_configuration:205 - Using pinned version: fbprophet==0.5
2021-01-20 12:03:19.596 - INFO - 19483 - azureml.train.automl._azureautomlclient.modify_run_configuration:199 - Package setuptools-git missing from dependencies file.
2021-01-20 12:03:19.597 - INFO - 19483 - azureml.train.automl._azureautomlclient.modify_run_configuration:209 - Using installed version: setuptools-git==1.2
2021-01-20 12:03:19.601 - INFO - 19483 - azureml.train.automl._azureautomlclient._validate_input:663 - Start data validation.
2021-01-20 12:03:20.601 - INFO - 19483 - azureml.train.automl._azureautomlclient._validate_input:676 - Validation service found the data has no errors.
2021-01-20 12:03:20.602 - INFO - 19483 - azureml.train.automl._azureautomlclient._create_parent_run_for_remote:541 - Start creating parent run.
2021-01-20 12:03:20.851 - INFO - 19483 - azureml.train.automl._azureautomlclient._create_parent_run_for_remote:561 - [ParentRunID:AutoML_d56f155e-e5fe-4943-949e-565227abb1c7] Remote run using input X and y.
2021-01-20 12:03:20.937 - INFO - 19483 - azureml.train.automl._azureautomlclient._create_parent_run_for_remote:574 - Parent Run ID: AutoML_d56f155e-e5fe-4943-949e-565227abb1c7
2021-01-20 12:03:20.938 - INFO - 19483 - azureml.train.automl._azureautomlclient._fit_remote_core:502 - Starting a snapshot run (snapshot_id : None)
